  pch.cpp
  SimplePlayer.cpp
f:\live\ffmpeg\ffmpegsoftwore\ffpeglib\include\libavutil\rational.h : warning C4819: 该文件包含不能在当前代码页(936)中表示的字符。请将该文件保存为 Unicode 格式以防止数据丢失
f:\live\ffmpeg\ffmpegsoftwore\simpleplayer\simpleplayer.cpp(63): warning C4018: “<”: 有符号/无符号不匹配
f:\live\ffmpeg\ffmpegsoftwore\simpleplayer\simpleplayer.cpp(64): warning C4996: 'AVStream::codec': 被声明为已否决
  f:\live\ffmpeg\ffmpegsoftwore\ffpeglib\include\libavformat\avformat.h(878): note: 参见“AVStream::codec”的声明
f:\live\ffmpeg\ffmpegsoftwore\simpleplayer\simpleplayer.cpp(75): warning C4996: 'AVStream::codec': 被声明为已否决
  f:\live\ffmpeg\ffmpegsoftwore\ffpeglib\include\libavformat\avformat.h(878): note: 参见“AVStream::codec”的声明
f:\live\ffmpeg\ffmpegsoftwore\simpleplayer\simpleplayer.cpp(50): warning C4996: 'av_register_all': 被声明为已否决
  f:\live\ffmpeg\ffmpegsoftwore\ffpeglib\include\libavformat\avformat.h(2043): note: 参见“av_register_all”的声明
f:\live\ffmpeg\ffmpegsoftwore\simpleplayer\simpleplayer.cpp(134): warning C4996: 'avcodec_decode_video2': 被声明为已否决
  f:\live\ffmpeg\ffmpegsoftwore\ffpeglib\include\libavcodec\avcodec.h(4789): note: 参见“avcodec_decode_video2”的声明
f:\live\ffmpeg\ffmpegsoftwore\simpleplayer\simpleplayer.cpp(168): warning C4996: 'av_free_packet': 被声明为已否决
  f:\live\ffmpeg\ffmpegsoftwore\ffpeglib\include\libavcodec\avcodec.h(4434): note: 参见“av_free_packet”的声明
f:\live\ffmpeg\ffmpegsoftwore\simpleplayer\simpleplayer.cpp(36): warning C4101: “y_size”: 未引用的局部变量
f:\live\ffmpeg\ffmpegsoftwore\simpleplayer\simpleplayer.cpp(48): warning C4101: “fp_yuv”: 未引用的局部变量
f:\live\ffmpeg\ffmpegsoftwore\simpleplayer\simpleplayer.cpp(222): warning C4996: 'sprintf': This function or variable may be unsafe. Consider using sprintf_s instead. To disable deprecation, use _CRT_SECURE_NO_WARNINGS. See online help for details.
  d:\windows kits\10\include\10.0.18362.0\ucrt\stdio.h(1774): note: 参见“sprintf”的声明
f:\live\ffmpeg\ffmpegsoftwore\simpleplayer\simpleplayer.cpp(223): warning C4996: 'fopen': This function or variable may be unsafe. Consider using fopen_s instead. To disable deprecation, use _CRT_SECURE_NO_WARNINGS. See online help for details.
  d:\windows kits\10\include\10.0.18362.0\ucrt\stdio.h(208): note: 参见“fopen”的声明
  SimplePlayer.vcxproj -> F:\live\ffmpeg\FFmpegSoftwore\x64\Debug\SimplePlayer.exe
